# JRE version: OpenJDK Runtime Environment (8.0_152-b01) (build 1.8.0_152-release-915-b01)
# Java VM: OpenJDK 64-Bit Server VM (25.152-b01 mixed mode linux-amd64 compressed oops)
Heap:
 PSYoungGen      total 428544K, used 5600K [0x00000000e0000000, 0x0000000100000000, 0x0000000100000000)
  eden space 332800K, 0% used [0x00000000e0000000,0x00000000e0000000,0x00000000f4500000)
  from space 95744K, 5% used [0x00000000f4500000,0x00000000f4a780a8,0x00000000fa280000)
  to   space 95744K, 0% used [0x00000000fa280000,0x00000000fa280000,0x0000000100000000)
 ParOldGen       total 789504K, used 789125K [0x00000000a0000000, 0x00000000d0300000, 0x00000000e0000000)
  object space 789504K, 99% used [0x00000000a0000000,0x00000000d02a16f8,0x00000000d0300000)
 Metaspace       used 97226K, capacity 100232K, committed 100440K, reserved 1136640K
  class space    used 11924K, capacity 12601K, committed 12672K, reserved 1048576K
GC Heap History (10 events):
Event: 558,757 GC heap after
Heap after GC invocations=66 (full 8):
 PSYoungGen      total 420864K, used 48654K [0x00000000e0000000, 0x00000000ff880000, 0x0000000100000000)
  eden space 334336K, 0% used [0x00000000e0000000,0x00000000e0000000,0x00000000f4680000)
  from space 86528K, 56% used [0x00000000fa400000,0x00000000fd383a08,0x00000000ff880000)
  to   space 91136K, 0% used [0x00000000f4680000,0x00000000f4680000,0x00000000f9f80000)
 ParOldGen       total 613888K, used 563484K [0x00000000a0000000, 0x00000000c5780000, 0x00000000e0000000)
  object space 613888K, 91% used [0x00000000a0000000,0x00000000c2647128,0x00000000c5780000)
 Metaspace       used 97216K, capacity 100232K, committed 100440K, reserved 1136640K
  class space    used 11923K, capacity 12601K, committed 12672K, reserved 1048576K
}
Event: 558,757 GC heap before
{Heap before GC invocations=67 (full 9):
 PSYoungGen      total 420864K, used 48654K [0x00000000e0000000, 0x00000000ff880000, 0x0000000100000000)
  eden space 334336K, 0% used [0x00000000e0000000,0x00000000e0000000,0x00000000f4680000)
  from space 86528K, 56% used [0x00000000fa400000,0x00000000fd383a08,0x00000000ff880000)
  to   space 91136K, 0% used [0x00000000f4680000,0x00000000f4680000,0x00000000f9f80000)
 ParOldGen       total 613888K, used 563484K [0x00000000a0000000, 0x00000000c5780000, 0x00000000e0000000)
  object space 613888K, 91% used [0x00000000a0000000,0x00000000c2647128,0x00000000c5780000)
 Metaspace       used 97216K, capacity 100232K, committed 100440K, reserved 1136640K
  class space    used 11923K, capacity 12601K, committed 12672K, reserved 1048576K
Event: 564,233 GC heap after
Heap after GC invocations=67 (full 9):
 PSYoungGen      total 420864K, used 0K [0x00000000e0000000, 0x00000000ff880000, 0x0000000100000000)
  eden space 334336K, 0% used [0x00000000e0000000,0x00000000e0000000,0x00000000f4680000)
  from space 86528K, 0% used [0x00000000fa400000,0x00000000fa400000,0x00000000ff880000)
  to   space 91136K, 0% used [0x00000000f4680000,0x00000000f4680000,0x00000000f9f80000)
 ParOldGen       total 789504K, used 608052K [0x00000000a0000000, 0x00000000d0300000, 0x00000000e0000000)
  object space 789504K, 77% used [0x00000000a0000000,0x00000000c51cd208,0x00000000d0300000)
 Metaspace       used 97216K, capacity 100232K, committed 100440K, reserved 1136640K
  class space    used 11923K, capacity 12601K, committed 12672K, reserved 1048576K
}
Event: 570,357 GC heap before
{Heap before GC invocations=68 (full 9):
 PSYoungGen      total 420864K, used 334336K [0x00000000e0000000, 0x00000000ff880000, 0x0000000100000000)
  eden space 334336K, 100% used [0x00000000e0000000,0x00000000f4680000,0x00000000f4680000)
  from space 86528K, 0% used [0x00000000fa400000,0x00000000fa400000,0x00000000ff880000)
  to   space 91136K, 0% used [0x00000000f4680000,0x00000000f4680000,0x00000000f9f80000)
 ParOldGen       total 789504K, used 608052K [0x00000000a0000000, 0x00000000d0300000, 0x00000000e0000000)
  object space 789504K, 77% used [0x00000000a0000000,0x00000000c51cd208,0x00000000d0300000)
 Metaspace       used 97225K, capacity 100232K, committed 100440K, reserved 1136640K
  class space    used 11924K, capacity 12601K, committed 12672K, reserved 1048576K
Event: 570,447 GC heap after
Heap after GC invocations=68 (full 9):
 PSYoungGen      total 425472K, used 53863K [0x00000000e0000000, 0x0000000100000000, 0x0000000100000000)
  eden space 334336K, 0% used [0x00000000e0000000,0x00000000e0000000,0x00000000f4680000)
  from space 91136K, 59% used [0x00000000f4680000,0x00000000f7b19f50,0x00000000f9f80000)
  to   space 90112K, 0% used [0x00000000fa800000,0x00000000fa800000,0x0000000100000000)
 ParOldGen       total 789504K, used 608052K [0x00000000a0000000, 0x00000000d0300000, 0x00000000e0000000)
  object space 789504K, 77% used [0x00000000a0000000,0x00000000c51cd208,0x00000000d0300000)
 Metaspace       used 97225K, capacity 100232K, committed 100440K, reserved 1136640K
  class space    used 11924K, capacity 12601K, committed 12672K, reserved 1048576K
}
Event: 571,662 GC heap before
{Heap before GC invocations=69 (full 9):
 PSYoungGen      total 425472K, used 388199K [0x00000000e0000000, 0x0000000100000000, 0x0000000100000000)
  eden space 334336K, 100% used [0x00000000e0000000,0x00000000f4680000,0x00000000f4680000)
  from space 91136K, 59% used [0x00000000f4680000,0x00000000f7b19f50,0x00000000f9f80000)
  to   space 90112K, 0% used [0x00000000fa800000,0x00000000fa800000,0x0000000100000000)
 ParOldGen       total 789504K, used 608052K [0x00000000a0000000, 0x00000000d0300000, 0x00000000e0000000)
  object space 789504K, 77% used [0x00000000a0000000,0x00000000c51cd208,0x00000000d0300000)
 Metaspace       used 97226K, capacity 100232K, committed 100440K, reserved 1136640K
  class space    used 11924K, capacity 12601K, committed 12672K, reserved 1048576K
Event: 571,761 GC heap after
Heap after GC invocations=69 (full 9):
 PSYoungGen      total 422912K, used 72773K [0x00000000e0000000, 0x0000000100000000, 0x0000000100000000)
  eden space 332800K, 0% used [0x00000000e0000000,0x00000000e0000000,0x00000000f4500000)
  from space 90112K, 80% used [0x00000000fa800000,0x00000000fef11418,0x0000000100000000)
  to   space 95744K, 0% used [0x00000000f4500000,0x00000000f4500000,0x00000000fa280000)
 ParOldGen       total 789504K, used 608052K [0x00000000a0000000, 0x00000000d0300000, 0x00000000e0000000)
  object space 789504K, 77% used [0x00000000a0000000,0x00000000c51cd208,0x00000000d0300000)
 Metaspace       used 97226K, capacity 100232K, committed 100440K, reserved 1136640K
  class space    used 11924K, capacity 12601K, committed 12672K, reserved 1048576K
}
Event: 572,632 GC heap before
{Heap before GC invocations=70 (full 9):
 PSYoungGen      total 422912K, used 405573K [0x00000000e0000000, 0x0000000100000000, 0x0000000100000000)
  eden space 332800K, 100% used [0x00000000e0000000,0x00000000f4500000,0x00000000f4500000)
  from space 90112K, 80% used [0x00000000fa800000,0x00000000fef11418,0x0000000100000000)
  to   space 95744K, 0% used [0x00000000f4500000,0x00000000f4500000,0x00000000fa280000)
 ParOldGen       total 789504K, used 608052K [0x00000000a0000000, 0x00000000d0300000, 0x00000000e0000000)
  object space 789504K, 77% used [0x00000000a0000000,0x00000000c51cd208,0x00000000d0300000)
 Metaspace       used 97226K, capacity 100232K, committed 100440K, reserved 1136640K
  class space    used 11924K, capacity 12601K, committed 12672K, reserved 1048576K
Event: 577,567 GC heap after
Heap after GC invocations=70 (full 9):
 PSYoungGen      total 428544K, used 95726K [0x00000000e0000000, 0x0000000100000000, 0x0000000100000000)
  eden space 332800K, 0% used [0x00000000e0000000,0x00000000e0000000,0x00000000f4500000)
  from space 95744K, 99% used [0x00000000f4500000,0x00000000fa27ba78,0x00000000fa280000)
  to   space 95744K, 0% used [0x00000000fa280000,0x00000000fa280000,0x0000000100000000)
 ParOldGen       total 789504K, used 707379K [0x00000000a0000000, 0x00000000d0300000, 0x00000000e0000000)
  object space 789504K, 89% used [0x00000000a0000000,0x00000000cb2ccca0,0x00000000d0300000)
 Metaspace       used 97226K, capacity 100232K, committed 100440K, reserved 1136640K
  class space    used 11924K, capacity 12601K, committed 12672K, reserved 1048576K
}
Event: 577,567 GC heap before
{Heap before GC invocations=71 (full 10):
 PSYoungGen      total 428544K, used 95726K [0x00000000e0000000, 0x0000000100000000, 0x0000000100000000)
  eden space 332800K, 0% used [0x00000000e0000000,0x00000000e0000000,0x00000000f4500000)
  from space 95744K, 99% used [0x00000000f4500000,0x00000000fa27ba78,0x00000000fa280000)
  to   space 95744K, 0% used [0x00000000fa280000,0x00000000fa280000,0x0000000100000000)
 ParOldGen       total 789504K, used 707379K [0x00000000a0000000, 0x00000000d0300000, 0x00000000e0000000)
  object space 789504K, 89% used [0x00000000a0000000,0x00000000cb2ccca0,0x00000000d0300000)
 Metaspace       used 97226K, capacity 100232K, committed 100440K, reserved 1136640K
  class space    used 11924K, capacity 12601K, committed 12672K, reserved 1048576K

