# JRE version: OpenJDK Runtime Environment (8.0_152-b01) (build 1.8.0_152-release-915-b01)
# Java VM: OpenJDK 64-Bit Server VM (25.152-b01 mixed mode linux-amd64 compressed oops)
Heap:
 PSYoungGen      total 349696K, used 60935K [0x00000000e0000000, 0x0000000100000000, 0x0000000100000000)
  eden space 175104K, 0% used [0x00000000e0000000,0x00000000e0000000,0x00000000eab00000)
  from space 174592K, 34% used [0x00000000f5580000,0x00000000f9101f78,0x0000000100000000)
  to   space 174592K, 0% used [0x00000000eab00000,0x00000000eab00000,0x00000000f5580000)
 ParOldGen       total 716800K, used 716781K [0x00000000a0000000, 0x00000000cbc00000, 0x00000000e0000000)
  object space 716800K, 99% used [0x00000000a0000000,0x00000000cbbfb7a8,0x00000000cbc00000)
 Metaspace       used 80622K, capacity 83116K, committed 83288K, reserved 1122304K
  class space    used 10209K, capacity 10799K, committed 10880K, reserved 1048576K
GC Heap History (10 events):
Event: 161,512 GC heap after
Heap after GC invocations=58 (full 9):
 PSYoungGen      total 346624K, used 154054K [0x00000000e0000000, 0x0000000100000000, 0x0000000100000000)
  eden space 192512K, 0% used [0x00000000e0000000,0x00000000e0000000,0x00000000ebc00000)
  from space 154112K, 99% used [0x00000000ebc00000,0x00000000f5271bd0,0x00000000f5280000)
  to   space 174592K, 0% used [0x00000000f5580000,0x00000000f5580000,0x0000000100000000)
 ParOldGen       total 525312K, used 438912K [0x00000000a0000000, 0x00000000c0100000, 0x00000000e0000000)
  object space 525312K, 83% used [0x00000000a0000000,0x00000000baca03e8,0x00000000c0100000)
 Metaspace       used 80600K, capacity 83116K, committed 83288K, reserved 1122304K
  class space    used 10208K, capacity 10799K, committed 10880K, reserved 1048576K
}
Event: 165,021 GC heap before
{Heap before GC invocations=59 (full 9):
 PSYoungGen      total 346624K, used 346566K [0x00000000e0000000, 0x0000000100000000, 0x0000000100000000)
  eden space 192512K, 100% used [0x00000000e0000000,0x00000000ebc00000,0x00000000ebc00000)
  from space 154112K, 99% used [0x00000000ebc00000,0x00000000f5271bd0,0x00000000f5280000)
  to   space 174592K, 0% used [0x00000000f5580000,0x00000000f5580000,0x0000000100000000)
 ParOldGen       total 525312K, used 438912K [0x00000000a0000000, 0x00000000c0100000, 0x00000000e0000000)
  object space 525312K, 83% used [0x00000000a0000000,0x00000000baca03e8,0x00000000c0100000)
 Metaspace       used 80617K, capacity 83116K, committed 83288K, reserved 1122304K
  class space    used 10209K, capacity 10799K, committed 10880K, reserved 1048576K
Event: 170,416 GC heap after
Heap after GC invocations=59 (full 9):
 PSYoungGen      total 349696K, used 108246K [0x00000000e0000000, 0x0000000100000000, 0x0000000100000000)
  eden space 175104K, 0% used [0x00000000e0000000,0x00000000e0000000,0x00000000eab00000)
  from space 174592K, 61% used [0x00000000f5580000,0x00000000fbf359c0,0x0000000100000000)
  to   space 174592K, 0% used [0x00000000eab00000,0x00000000eab00000,0x00000000f5580000)
 ParOldGen       total 525824K, used 525583K [0x00000000a0000000, 0x00000000c0180000, 0x00000000e0000000)
  object space 525824K, 99% used [0x00000000a0000000,0x00000000c0143e18,0x00000000c0180000)
 Metaspace       used 80617K, capacity 83116K, committed 83288K, reserved 1122304K
  class space    used 10209K, capacity 10799K, committed 10880K, reserved 1048576K
}
Event: 170,416 GC heap before
{Heap before GC invocations=60 (full 10):
 PSYoungGen      total 349696K, used 108246K [0x00000000e0000000, 0x0000000100000000, 0x0000000100000000)
  eden space 175104K, 0% used [0x00000000e0000000,0x00000000e0000000,0x00000000eab00000)
  from space 174592K, 61% used [0x00000000f5580000,0x00000000fbf359c0,0x0000000100000000)
  to   space 174592K, 0% used [0x00000000eab00000,0x00000000eab00000,0x00000000f5580000)
 ParOldGen       total 525824K, used 525583K [0x00000000a0000000, 0x00000000c0180000, 0x00000000e0000000)
  object space 525824K, 99% used [0x00000000a0000000,0x00000000c0143e18,0x00000000c0180000)
 Metaspace       used 80617K, capacity 83116K, committed 83288K, reserved 1122304K
  class space    used 10209K, capacity 10799K, committed 10880K, reserved 1048576K
Event: 174,047 GC heap after
Heap after GC invocations=60 (full 10):
 PSYoungGen      total 349696K, used 101724K [0x00000000e0000000, 0x0000000100000000, 0x0000000100000000)
  eden space 175104K, 0% used [0x00000000e0000000,0x00000000e0000000,0x00000000eab00000)
  from space 174592K, 58% used [0x00000000f5580000,0x00000000fb8d7218,0x0000000100000000)
  to   space 174592K, 0% used [0x00000000eab00000,0x00000000eab00000,0x00000000f5580000)
 ParOldGen       total 684544K, used 525395K [0x00000000a0000000, 0x00000000c9c80000, 0x00000000e0000000)
  object space 684544K, 76% used [0x00000000a0000000,0x00000000c0114e50,0x00000000c9c80000)
 Metaspace       used 80617K, capacity 83116K, committed 83288K, reserved 1122304K
  class space    used 10209K, capacity 10799K, committed 10880K, reserved 1048576K
}
Event: 174,454 GC heap before
{Heap before GC invocations=61 (full 10):
 PSYoungGen      total 349696K, used 276828K [0x00000000e0000000, 0x0000000100000000, 0x0000000100000000)
  eden space 175104K, 100% used [0x00000000e0000000,0x00000000eab00000,0x00000000eab00000)
  from space 174592K, 58% used [0x00000000f5580000,0x00000000fb8d7218,0x0000000100000000)
  to   space 174592K, 0% used [0x00000000eab00000,0x00000000eab00000,0x00000000f5580000)
 ParOldGen       total 684544K, used 525395K [0x00000000a0000000, 0x00000000c9c80000, 0x00000000e0000000)
  object space 684544K, 76% used [0x00000000a0000000,0x00000000c0114e50,0x00000000c9c80000)
 Metaspace       used 80617K, capacity 83116K, committed 83288K, reserved 1122304K
  class space    used 10209K, capacity 10799K, committed 10880K, reserved 1048576K
Event: 180,128 GC heap after
Heap after GC invocations=61 (full 10):
 PSYoungGen      total 349696K, used 126877K [0x00000000e0000000, 0x0000000100000000, 0x0000000100000000)
  eden space 175104K, 0% used [0x00000000e0000000,0x00000000e0000000,0x00000000eab00000)
  from space 174592K, 72% used [0x00000000eab00000,0x00000000f26e7760,0x00000000f5580000)
  to   space 174592K, 0% used [0x00000000f5580000,0x00000000f5580000,0x0000000100000000)
 ParOldGen       total 684544K, used 587784K [0x00000000a0000000, 0x00000000c9c80000, 0x00000000e0000000)
  object space 684544K, 85% used [0x00000000a0000000,0x00000000c3e020b0,0x00000000c9c80000)
 Metaspace       used 80617K, capacity 83116K, committed 83288K, reserved 1122304K
  class space    used 10209K, capacity 10799K, committed 10880K, reserved 1048576K
}
Event: 181,545 GC heap before
{Heap before GC invocations=62 (full 10):
 PSYoungGen      total 349696K, used 301981K [0x00000000e0000000, 0x0000000100000000, 0x0000000100000000)
  eden space 175104K, 100% used [0x00000000e0000000,0x00000000eab00000,0x00000000eab00000)
  from space 174592K, 72% used [0x00000000eab00000,0x00000000f26e7760,0x00000000f5580000)
  to   space 174592K, 0% used [0x00000000f5580000,0x00000000f5580000,0x0000000100000000)
 ParOldGen       total 684544K, used 587784K [0x00000000a0000000, 0x00000000c9c80000, 0x00000000e0000000)
  object space 684544K, 85% used [0x00000000a0000000,0x00000000c3e020b0,0x00000000c9c80000)
 Metaspace       used 80622K, capacity 83116K, committed 83288K, reserved 1122304K
  class space    used 10209K, capacity 10799K, committed 10880K, reserved 1048576K
Event: 193,220 GC heap after
Heap after GC invocations=62 (full 10):
 PSYoungGen      total 349696K, used 67140K [0x00000000e0000000, 0x0000000100000000, 0x0000000100000000)
  eden space 175104K, 0% used [0x00000000e0000000,0x00000000e0000000,0x00000000eab00000)
  from space 174592K, 38% used [0x00000000f5580000,0x00000000f97113f0,0x0000000100000000)
  to   space 174592K, 0% used [0x00000000eab00000,0x00000000eab00000,0x00000000f5580000)
 ParOldGen       total 716800K, used 716321K [0x00000000a0000000, 0x00000000cbc00000, 0x00000000e0000000)
  object space 716800K, 99% used [0x00000000a0000000,0x00000000cbb88678,0x00000000cbc00000)
 Metaspace       used 80622K, capacity 83116K, committed 83288K, reserved 1122304K
  class space    used 10209K, capacity 10799K, committed 10880K, reserved 1048576K
}
Event: 193,417 GC heap before
{Heap before GC invocations=63 (full 11):
 PSYoungGen      total 349696K, used 67140K [0x00000000e0000000, 0x0000000100000000, 0x0000000100000000)
  eden space 175104K, 0% used [0x00000000e0000000,0x00000000e0000000,0x00000000eab00000)
  from space 174592K, 38% used [0x00000000f5580000,0x00000000f97113f0,0x0000000100000000)
  to   space 174592K, 0% used [0x00000000eab00000,0x00000000eab00000,0x00000000f5580000)
 ParOldGen       total 716800K, used 716321K [0x00000000a0000000, 0x00000000cbc00000, 0x00000000e0000000)
  object space 716800K, 99% used [0x00000000a0000000,0x00000000cbb88678,0x00000000cbc00000)
 Metaspace       used 80622K, capacity 83116K, committed 83288K, reserved 1122304K
  class space    used 10209K, capacity 10799K, committed 10880K, reserved 1048576K

